2020-06-13 20:24:23 WARN  AnnotationConfigWebApplicationContext:550 - Exception encountered during context initialization - cancelling refresh attempt: org.springframework.beans.factory.UnsatisfiedDependencyException: Error creating bean with name 'documentationPluginsBootstrapper' defined in URL [jar:file:/Users/supritbhattacharjee/.m2/repository/io/springfox/springfox-spring-web/2.4.0/springfox-spring-web-2.4.0.jar!/springfox/documentation/spring/web/plugins/DocumentationPluginsBootstrapper.class]: Unsatisfied dependency expressed through constructor parameter 1; nested exception is org.springframework.beans.factory.UnsatisfiedDependencyException: Error creating bean with name 'webMvcRequestHandlerProvider' defined in URL [jar:file:/Users/supritbhattacharjee/.m2/repository/io/springfox/springfox-spring-web/2.4.0/springfox-spring-web-2.4.0.jar!/springfox/documentation/spring/web/plugins/WebMvcRequestHandlerProvider.class]: Unsatisfied dependency expressed through constructor parameter 0; nested exception is org.springframework.beans.factory.NoSuchBeanDefinitionException: No qualifying bean of type 'java.util.List<org.springframework.web.servlet.mvc.method.RequestMappingInfoHandlerMapping>' available: expected at least 1 bean which qualifies as autowire candidate. Dependency annotations: {}
2020-06-13 20:24:23 ERROR DispatcherServlet:502 - Context initialization failed
org.springframework.beans.factory.UnsatisfiedDependencyException: Error creating bean with name 'documentationPluginsBootstrapper' defined in URL [jar:file:/Users/supritbhattacharjee/.m2/repository/io/springfox/springfox-spring-web/2.4.0/springfox-spring-web-2.4.0.jar!/springfox/documentation/spring/web/plugins/DocumentationPluginsBootstrapper.class]: Unsatisfied dependency expressed through constructor parameter 1; nested exception is org.springframework.beans.factory.UnsatisfiedDependencyException: Error creating bean with name 'webMvcRequestHandlerProvider' defined in URL [jar:file:/Users/supritbhattacharjee/.m2/repository/io/springfox/springfox-spring-web/2.4.0/springfox-spring-web-2.4.0.jar!/springfox/documentation/spring/web/plugins/WebMvcRequestHandlerProvider.class]: Unsatisfied dependency expressed through constructor parameter 0; nested exception is org.springframework.beans.factory.NoSuchBeanDefinitionException: No qualifying bean of type 'java.util.List<org.springframework.web.servlet.mvc.method.RequestMappingInfoHandlerMapping>' available: expected at least 1 bean which qualifies as autowire candidate. Dependency annotations: {}
	at org.springframework.beans.factory.support.ConstructorResolver.createArgumentArray(ConstructorResolver.java:749)
	at org.springframework.beans.factory.support.ConstructorResolver.autowireConstructor(ConstructorResolver.java:189)
	at org.springframework.beans.factory.support.AbstractAutowireCapableBeanFactory.autowireConstructor(AbstractAutowireCapableBeanFactory.java:1193)
	at org.springframework.beans.factory.support.AbstractAutowireCapableBeanFactory.createBeanInstance(AbstractAutowireCapableBeanFactory.java:1095)
	at org.springframework.beans.factory.support.AbstractAutowireCapableBeanFactory.doCreateBean(AbstractAutowireCapableBeanFactory.java:513)
	at org.springframework.beans.factory.support.AbstractAutowireCapableBeanFactory.createBean(AbstractAutowireCapableBeanFactory.java:483)
	at org.springframework.beans.factory.support.AbstractBeanFactory$1.getObject(AbstractBeanFactory.java:306)
	at org.springframework.beans.factory.support.DefaultSingletonBeanRegistry.getSingleton(DefaultSingletonBeanRegistry.java:230)
	at org.springframework.beans.factory.support.AbstractBeanFactory.doGetBean(AbstractBeanFactory.java:302)
	at org.springframework.beans.factory.support.AbstractBeanFactory.getBean(AbstractBeanFactory.java:197)
	at org.springframework.beans.factory.support.DefaultListableBeanFactory.preInstantiateSingletons(DefaultListableBeanFactory.java:761)
	at org.springframework.context.support.AbstractApplicationContext.finishBeanFactoryInitialization(AbstractApplicationContext.java:866)
	at org.springframework.context.support.AbstractApplicationContext.refresh(AbstractApplicationContext.java:542)
	at org.springframework.web.servlet.FrameworkServlet.configureAndRefreshWebApplicationContext(FrameworkServlet.java:668)
	at org.springframework.web.servlet.FrameworkServlet.initWebApplicationContext(FrameworkServlet.java:540)
	at org.springframework.web.servlet.FrameworkServlet.initServletBean(FrameworkServlet.java:494)
	at org.springframework.web.servlet.HttpServletBean.init(HttpServletBean.java:136)
	at javax.servlet.GenericServlet.init(GenericServlet.java:244)
	at org.eclipse.jetty.servlet.ServletHolder.initServlet(ServletHolder.java:599)
	at org.eclipse.jetty.servlet.ServletHolder.initialize(ServletHolder.java:425)
	at org.eclipse.jetty.servlet.ServletHandler.lambda$initialize$0(ServletHandler.java:751)
	at java.util.stream.SortedOps$SizedRefSortingSink.end(SortedOps.java:352)
	at java.util.stream.AbstractPipeline.copyInto(AbstractPipeline.java:482)
	at java.util.stream.AbstractPipeline.wrapAndCopyInto(AbstractPipeline.java:471)
	at java.util.stream.StreamSpliterators$WrappingSpliterator.forEachRemaining(StreamSpliterators.java:312)
	at java.util.stream.Streams$ConcatSpliterator.forEachRemaining(Streams.java:743)
	at java.util.stream.Streams$ConcatSpliterator.forEachRemaining(Streams.java:742)
	at java.util.stream.ReferencePipeline$Head.forEach(ReferencePipeline.java:580)
	at org.eclipse.jetty.servlet.ServletHandler.initialize(ServletHandler.java:744)
	at org.eclipse.jetty.servlet.ServletContextHandler.startContext(ServletContextHandler.java:361)
	at org.eclipse.jetty.webapp.WebAppContext.startWebapp(WebAppContext.java:1443)
	at org.eclipse.jetty.maven.plugin.JettyWebAppContext.startWebapp(JettyWebAppContext.java:328)
	at org.eclipse.jetty.webapp.WebAppContext.startContext(WebAppContext.java:1407)
	at org.eclipse.jetty.server.handler.ContextHandler.doStart(ContextHandler.java:821)
	at org.eclipse.jetty.servlet.ServletContextHandler.doStart(ServletContextHandler.java:276)
	at org.eclipse.jetty.webapp.WebAppContext.doStart(WebAppContext.java:524)
	at org.eclipse.jetty.maven.plugin.JettyWebAppContext.doStart(JettyWebAppContext.java:397)
	at org.eclipse.jetty.util.component.AbstractLifeCycle.start(AbstractLifeCycle.java:72)
	at org.eclipse.jetty.util.component.ContainerLifeCycle.start(ContainerLifeCycle.java:169)
	at org.eclipse.jetty.util.component.ContainerLifeCycle.doStart(ContainerLifeCycle.java:117)
	at org.eclipse.jetty.server.handler.AbstractHandler.doStart(AbstractHandler.java:106)
	at org.eclipse.jetty.util.component.AbstractLifeCycle.start(AbstractLifeCycle.java:72)
	at org.eclipse.jetty.util.component.ContainerLifeCycle.start(ContainerLifeCycle.java:169)
	at org.eclipse.jetty.util.component.ContainerLifeCycle.doStart(ContainerLifeCycle.java:117)
	at org.eclipse.jetty.server.handler.AbstractHandler.doStart(AbstractHandler.java:106)
	at org.eclipse.jetty.util.component.AbstractLifeCycle.start(AbstractLifeCycle.java:72)
	at org.eclipse.jetty.util.component.ContainerLifeCycle.start(ContainerLifeCycle.java:169)
	at org.eclipse.jetty.server.Server.start(Server.java:407)
	at org.eclipse.jetty.util.component.ContainerLifeCycle.doStart(ContainerLifeCycle.java:110)
	at org.eclipse.jetty.server.handler.AbstractHandler.doStart(AbstractHandler.java:106)
	at org.eclipse.jetty.server.Server.doStart(Server.java:371)
	at org.eclipse.jetty.util.component.AbstractLifeCycle.start(AbstractLifeCycle.java:72)
	at org.eclipse.jetty.maven.plugin.AbstractJettyMojo.startJetty(AbstractJettyMojo.java:449)
	at org.eclipse.jetty.maven.plugin.AbstractJettyMojo.execute(AbstractJettyMojo.java:310)
	at org.eclipse.jetty.maven.plugin.JettyRunMojo.execute(JettyRunMojo.java:155)
	at org.apache.maven.plugin.DefaultBuildPluginManager.executeMojo(DefaultBuildPluginManager.java:137)
	at org.apache.maven.lifecycle.internal.MojoExecutor.execute(MojoExecutor.java:210)
	at org.apache.maven.lifecycle.internal.MojoExecutor.execute(MojoExecutor.java:156)
	at org.apache.maven.lifecycle.internal.MojoExecutor.execute(MojoExecutor.java:148)
	at org.apache.maven.lifecycle.internal.LifecycleModuleBuilder.buildProject(LifecycleModuleBuilder.java:117)
	at org.apache.maven.lifecycle.internal.LifecycleModuleBuilder.buildProject(LifecycleModuleBuilder.java:81)
	at org.apache.maven.lifecycle.internal.builder.singlethreaded.SingleThreadedBuilder.build(SingleThreadedBuilder.java:56)
	at org.apache.maven.lifecycle.internal.LifecycleStarter.execute(LifecycleStarter.java:128)
	at org.apache.maven.DefaultMaven.doExecute(DefaultMaven.java:305)
	at org.apache.maven.DefaultMaven.doExecute(DefaultMaven.java:192)
	at org.apache.maven.DefaultMaven.execute(DefaultMaven.java:105)
	at org.apache.maven.cli.MavenCli.execute(MavenCli.java:956)
	at org.apache.maven.cli.MavenCli.doMain(MavenCli.java:288)
	at org.apache.maven.cli.MavenCli.main(MavenCli.java:192)
	at sun.reflect.NativeMethodAccessorImpl.invoke0(Native Method)
	at sun.reflect.NativeMethodAccessorImpl.invoke(NativeMethodAccessorImpl.java:62)
	at sun.reflect.DelegatingMethodAccessorImpl.invoke(DelegatingMethodAccessorImpl.java:43)
	at java.lang.reflect.Method.invoke(Method.java:498)
	at org.codehaus.plexus.classworlds.launcher.Launcher.launchEnhanced(Launcher.java:282)
	at org.codehaus.plexus.classworlds.launcher.Launcher.launch(Launcher.java:225)
	at org.codehaus.plexus.classworlds.launcher.Launcher.mainWithExitCode(Launcher.java:406)
	at org.codehaus.plexus.classworlds.launcher.Launcher.main(Launcher.java:347)
Caused by: org.springframework.beans.factory.UnsatisfiedDependencyException: Error creating bean with name 'webMvcRequestHandlerProvider' defined in URL [jar:file:/Users/supritbhattacharjee/.m2/repository/io/springfox/springfox-spring-web/2.4.0/springfox-spring-web-2.4.0.jar!/springfox/documentation/spring/web/plugins/WebMvcRequestHandlerProvider.class]: Unsatisfied dependency expressed through constructor parameter 0; nested exception is org.springframework.beans.factory.NoSuchBeanDefinitionException: No qualifying bean of type 'java.util.List<org.springframework.web.servlet.mvc.method.RequestMappingInfoHandlerMapping>' available: expected at least 1 bean which qualifies as autowire candidate. Dependency annotations: {}
	at org.springframework.beans.factory.support.ConstructorResolver.createArgumentArray(ConstructorResolver.java:749)
	at org.springframework.beans.factory.support.ConstructorResolver.autowireConstructor(ConstructorResolver.java:189)
	at org.springframework.beans.factory.support.AbstractAutowireCapableBeanFactory.autowireConstructor(AbstractAutowireCapableBeanFactory.java:1193)
	at org.springframework.beans.factory.support.AbstractAutowireCapableBeanFactory.createBeanInstance(AbstractAutowireCapableBeanFactory.java:1095)
	at org.springframework.beans.factory.support.AbstractAutowireCapableBeanFactory.doCreateBean(AbstractAutowireCapableBeanFactory.java:513)
	at org.springframework.beans.factory.support.AbstractAutowireCapableBeanFactory.createBean(AbstractAutowireCapableBeanFactory.java:483)
	at org.springframework.beans.factory.support.AbstractBeanFactory$1.getObject(AbstractBeanFactory.java:306)
	at org.springframework.beans.factory.support.DefaultSingletonBeanRegistry.getSingleton(DefaultSingletonBeanRegistry.java:230)
	at org.springframework.beans.factory.support.AbstractBeanFactory.doGetBean(AbstractBeanFactory.java:302)
	at org.springframework.beans.factory.support.AbstractBeanFactory.getBean(AbstractBeanFactory.java:202)
	at org.springframework.beans.factory.config.DependencyDescriptor.resolveCandidate(DependencyDescriptor.java:208)
	at org.springframework.beans.factory.support.DefaultListableBeanFactory.addCandidateEntry(DefaultListableBeanFactory.java:1309)
	at org.springframework.beans.factory.support.DefaultListableBeanFactory.findAutowireCandidates(DefaultListableBeanFactory.java:1275)
	at org.springframework.beans.factory.support.DefaultListableBeanFactory.resolveMultipleBeans(DefaultListableBeanFactory.java:1180)
	at org.springframework.beans.factory.support.DefaultListableBeanFactory.doResolveDependency(DefaultListableBeanFactory.java:1096)
	at org.springframework.beans.factory.support.DefaultListableBeanFactory.resolveDependency(DefaultListableBeanFactory.java:1066)
	at org.springframework.beans.factory.support.ConstructorResolver.resolveAutowiredArgument(ConstructorResolver.java:835)
	at org.springframework.beans.factory.support.ConstructorResolver.createArgumentArray(ConstructorResolver.java:741)
	... 76 more
Caused by: org.springframework.beans.factory.NoSuchBeanDefinitionException: No qualifying bean of type 'java.util.List<org.springframework.web.servlet.mvc.method.RequestMappingInfoHandlerMapping>' available: expected at least 1 bean which qualifies as autowire candidate. Dependency annotations: {}
	at org.springframework.beans.factory.support.DefaultListableBeanFactory.raiseNoMatchingBeanFound(DefaultListableBeanFactory.java:1486)
	at org.springframework.beans.factory.support.DefaultListableBeanFactory.doResolveDependency(DefaultListableBeanFactory.java:1104)
	at org.springframework.beans.factory.support.DefaultListableBeanFactory.resolveDependency(DefaultListableBeanFactory.java:1066)
	at org.springframework.beans.factory.support.ConstructorResolver.resolveAutowiredArgument(ConstructorResolver.java:835)
	at org.springframework.beans.factory.support.ConstructorResolver.createArgumentArray(ConstructorResolver.java:741)
	... 93 more
2020-07-05 17:21:03 INFO  ReportController:60 - Order Id:
2020-07-05 17:21:03 INFO  ReportController:61 - 1
2020-07-05 17:21:03 INFO  ReportController:60 - Order Id:
2020-07-05 17:21:03 INFO  ReportController:61 - 4
2020-07-05 17:21:03 INFO  ReportController:60 - Order Id:
2020-07-05 17:21:03 INFO  ReportController:61 - 5
2020-07-05 17:21:03 INFO  ReportController:60 - Order Id:
2020-07-05 17:21:03 INFO  ReportController:61 - 6
2020-07-05 17:21:03 INFO  ReportController:60 - Order Id:
2020-07-05 17:21:03 INFO  ReportController:61 - 7
2020-07-05 17:21:03 INFO  ReportController:60 - Order Id:
2020-07-05 17:21:03 INFO  ReportController:61 - 8
2020-07-05 17:22:52 INFO  ReportController:60 - Order Id:
2020-07-05 17:22:52 INFO  ReportController:61 - 1
2020-07-05 17:22:52 INFO  ReportController:60 - Order Id:
2020-07-05 17:22:52 INFO  ReportController:61 - 4
2020-07-05 17:22:52 INFO  ReportController:60 - Order Id:
2020-07-05 17:22:52 INFO  ReportController:61 - 5
2020-07-05 17:22:52 INFO  ReportController:60 - Order Id:
2020-07-05 17:22:52 INFO  ReportController:61 - 6
2020-07-05 17:22:52 INFO  ReportController:60 - Order Id:
2020-07-05 17:22:52 INFO  ReportController:61 - 7
2020-07-05 17:22:52 INFO  ReportController:60 - Order Id:
2020-07-05 17:22:52 INFO  ReportController:61 - 8
2020-07-05 17:22:52 INFO  ReportController:60 - Order Id:
2020-07-05 17:22:52 INFO  ReportController:61 - 9
2020-07-05 17:22:52 INFO  ReportController:60 - Order Id:
2020-07-05 17:22:52 INFO  ReportController:61 - 10
2020-07-05 17:22:52 INFO  ReportController:60 - Order Id:
2020-07-05 17:22:52 INFO  ReportController:61 - 11
2020-07-05 17:22:52 INFO  ReportController:60 - Order Id:
2020-07-05 17:22:52 INFO  ReportController:61 - 12
2020-07-05 17:22:52 INFO  ReportController:60 - Order Id:
2020-07-05 17:22:52 INFO  ReportController:61 - 13
2020-07-05 17:22:52 INFO  ReportController:60 - Order Id:
2020-07-05 17:22:52 INFO  ReportController:61 - 15
2020-07-05 17:22:52 INFO  ReportController:60 - Order Id:
2020-07-05 17:22:52 INFO  ReportController:61 - 16
2020-07-05 17:23:08 INFO  ReportController:60 - Order Id:
2020-07-05 17:23:08 INFO  ReportController:61 - 9
2020-07-05 17:23:08 INFO  ReportController:60 - Order Id:
2020-07-05 17:23:08 INFO  ReportController:61 - 10
2020-07-05 17:23:08 INFO  ReportController:60 - Order Id:
2020-07-05 17:23:08 INFO  ReportController:61 - 11
2020-07-05 17:23:08 INFO  ReportController:60 - Order Id:
2020-07-05 17:23:08 INFO  ReportController:61 - 12
2020-07-05 17:23:08 INFO  ReportController:60 - Order Id:
2020-07-05 17:23:08 INFO  ReportController:61 - 13
2020-07-05 17:23:08 INFO  ReportController:60 - Order Id:
2020-07-05 17:23:08 INFO  ReportController:61 - 15
2020-07-05 17:23:08 INFO  ReportController:60 - Order Id:
2020-07-05 17:23:08 INFO  ReportController:61 - 16
2020-07-05 17:23:36 INFO  ReportController:60 - Order Id:
2020-07-05 17:23:36 INFO  ReportController:61 - 10
2020-07-05 17:23:36 INFO  ReportController:60 - Order Id:
2020-07-05 17:23:36 INFO  ReportController:61 - 11
2020-07-05 17:23:36 INFO  ReportController:60 - Order Id:
2020-07-05 17:23:36 INFO  ReportController:61 - 12
2020-07-05 17:23:36 INFO  ReportController:60 - Order Id:
2020-07-05 17:23:36 INFO  ReportController:61 - 13
2020-07-05 17:23:36 INFO  ReportController:60 - Order Id:
2020-07-05 17:23:36 INFO  ReportController:61 - 15
2020-07-05 17:23:36 INFO  ReportController:60 - Order Id:
2020-07-05 17:23:36 INFO  ReportController:61 - 16
2020-07-05 18:34:25 INFO  FOUserAgent:83 - An fo:table  (No context info available) is wider than the available room in inline-progression-dimension. Adjusting end-indent based on overconstrained geometry rules (XSL 1.1, ch. 5.3.4)
2020-07-05 18:34:25 WARN  FOUserAgent:94 - Font "Symbol,normal,700" not found. Substituting with "Symbol,normal,400".
2020-07-05 18:34:25 WARN  FOUserAgent:94 - Font "ZapfDingbats,normal,700" not found. Substituting with "ZapfDingbats,normal,400".
2020-07-05 18:34:25 INFO  FOUserAgent:83 - Rendered page #1.
2020-07-05 19:02:35 INFO  ReportController:60 - dairy
2020-07-05 19:02:35 INFO  ReportController:61 - 
2020-07-05 19:04:29 INFO  ReportController:60 - dairy
2020-07-05 19:04:29 INFO  ReportController:61 - 2020-06-14
2020-07-05 19:04:31 INFO  FOUserAgent:83 - An fo:table  (No context info available) is wider than the available room in inline-progression-dimension. Adjusting end-indent based on overconstrained geometry rules (XSL 1.1, ch. 5.3.4)
2020-07-05 19:04:31 WARN  FOUserAgent:94 - Font "Symbol,normal,700" not found. Substituting with "Symbol,normal,400".
2020-07-05 19:04:31 WARN  FOUserAgent:94 - Font "ZapfDingbats,normal,700" not found. Substituting with "ZapfDingbats,normal,400".
2020-07-05 19:04:31 INFO  FOUserAgent:83 - Rendered page #1.
2020-07-05 19:12:37 INFO  ReportController:60 - dairy
2020-07-05 19:12:37 INFO  ReportController:61 - 2020-06-16
2020-07-05 19:12:37 INFO  FOUserAgent:83 - An fo:table  (No context info available) is wider than the available room in inline-progression-dimension. Adjusting end-indent based on overconstrained geometry rules (XSL 1.1, ch. 5.3.4)
2020-07-05 19:12:37 WARN  FOUserAgent:94 - Font "Symbol,normal,700" not found. Substituting with "Symbol,normal,400".
2020-07-05 19:12:37 WARN  FOUserAgent:94 - Font "ZapfDingbats,normal,700" not found. Substituting with "ZapfDingbats,normal,400".
2020-07-05 19:12:37 INFO  FOUserAgent:83 - Rendered page #1.
2020-07-05 19:16:58 INFO  ReportController:60 - dairy
2020-07-05 19:16:58 INFO  ReportController:61 - 2020-07-05
2020-07-05 19:16:59 INFO  FOUserAgent:83 - An fo:table  (No context info available) is wider than the available room in inline-progression-dimension. Adjusting end-indent based on overconstrained geometry rules (XSL 1.1, ch. 5.3.4)
2020-07-05 19:16:59 WARN  FOUserAgent:94 - Font "Symbol,normal,700" not found. Substituting with "Symbol,normal,400".
2020-07-05 19:16:59 WARN  FOUserAgent:94 - Font "ZapfDingbats,normal,700" not found. Substituting with "ZapfDingbats,normal,400".
2020-07-05 19:16:59 INFO  FOUserAgent:83 - Rendered page #1.
2020-07-05 19:18:12 INFO  ReportController:60 - dairy
2020-07-05 19:18:12 INFO  ReportController:61 - 2020-07-05
2020-07-05 19:18:12 INFO  FOUserAgent:83 - An fo:table  (No context info available) is wider than the available room in inline-progression-dimension. Adjusting end-indent based on overconstrained geometry rules (XSL 1.1, ch. 5.3.4)
2020-07-05 19:18:12 WARN  FOUserAgent:94 - Font "Symbol,normal,700" not found. Substituting with "Symbol,normal,400".
2020-07-05 19:18:12 WARN  FOUserAgent:94 - Font "ZapfDingbats,normal,700" not found. Substituting with "ZapfDingbats,normal,400".
2020-07-05 19:18:12 INFO  FOUserAgent:83 - Rendered page #1.
2020-07-05 19:21:25 INFO  ReportController:60 - 
2020-07-05 19:21:25 INFO  ReportController:61 - 2020-07-05
2020-07-05 19:21:25 INFO  FOUserAgent:83 - An fo:table  (No context info available) is wider than the available room in inline-progression-dimension. Adjusting end-indent based on overconstrained geometry rules (XSL 1.1, ch. 5.3.4)
2020-07-05 19:21:25 WARN  FOUserAgent:94 - Font "Symbol,normal,700" not found. Substituting with "Symbol,normal,400".
2020-07-05 19:21:25 WARN  FOUserAgent:94 - Font "ZapfDingbats,normal,700" not found. Substituting with "ZapfDingbats,normal,400".
2020-07-05 19:21:25 INFO  FOUserAgent:83 - Rendered page #1.
2020-07-05 19:27:54 INFO  ReportController:60 - 
2020-07-05 19:27:54 INFO  ReportController:61 - 2020-06-14
2020-07-05 19:27:55 INFO  FOUserAgent:83 - An fo:table  (No context info available) is wider than the available room in inline-progression-dimension. Adjusting end-indent based on overconstrained geometry rules (XSL 1.1, ch. 5.3.4)
2020-07-05 19:27:55 WARN  FOUserAgent:94 - Font "Symbol,normal,700" not found. Substituting with "Symbol,normal,400".
2020-07-05 19:27:55 WARN  FOUserAgent:94 - Font "ZapfDingbats,normal,700" not found. Substituting with "ZapfDingbats,normal,400".
2020-07-05 19:27:55 INFO  FOUserAgent:83 - Rendered page #1.
2020-07-05 19:28:42 INFO  ReportController:60 - dairy
2020-07-05 19:28:42 INFO  ReportController:61 - 2020-06-14
2020-07-05 19:28:42 INFO  FOUserAgent:83 - An fo:table  (No context info available) is wider than the available room in inline-progression-dimension. Adjusting end-indent based on overconstrained geometry rules (XSL 1.1, ch. 5.3.4)
2020-07-05 19:28:42 WARN  FOUserAgent:94 - Font "Symbol,normal,700" not found. Substituting with "Symbol,normal,400".
2020-07-05 19:28:42 WARN  FOUserAgent:94 - Font "ZapfDingbats,normal,700" not found. Substituting with "ZapfDingbats,normal,400".
2020-07-05 19:28:42 INFO  FOUserAgent:83 - Rendered page #1.
2020-07-05 19:28:58 INFO  ReportController:60 - health
2020-07-05 19:28:58 INFO  ReportController:61 - 2020-06-14
2020-07-05 19:28:59 INFO  FOUserAgent:83 - An fo:table  (No context info available) is wider than the available room in inline-progression-dimension. Adjusting end-indent based on overconstrained geometry rules (XSL 1.1, ch. 5.3.4)
2020-07-05 19:28:59 WARN  FOUserAgent:94 - Font "Symbol,normal,700" not found. Substituting with "Symbol,normal,400".
2020-07-05 19:28:59 WARN  FOUserAgent:94 - Font "ZapfDingbats,normal,700" not found. Substituting with "ZapfDingbats,normal,400".
2020-07-05 19:28:59 INFO  FOUserAgent:83 - Rendered page #1.
2020-07-05 19:31:51 INFO  ReportController:60 - 
2020-07-05 19:31:51 INFO  ReportController:61 - 2020-06-14
2020-07-05 19:31:52 INFO  FOUserAgent:83 - An fo:table  (No context info available) is wider than the available room in inline-progression-dimension. Adjusting end-indent based on overconstrained geometry rules (XSL 1.1, ch. 5.3.4)
2020-07-05 19:31:52 WARN  FOUserAgent:94 - Font "Symbol,normal,700" not found. Substituting with "Symbol,normal,400".
2020-07-05 19:31:52 WARN  FOUserAgent:94 - Font "ZapfDingbats,normal,700" not found. Substituting with "ZapfDingbats,normal,400".
2020-07-05 19:31:52 INFO  FOUserAgent:83 - Rendered page #1.
2020-07-05 19:32:26 INFO  ReportController:60 - dairy
2020-07-05 19:32:26 INFO  ReportController:61 - 2020-06-14
2020-07-05 19:32:26 INFO  FOUserAgent:83 - An fo:table  (No context info available) is wider than the available room in inline-progression-dimension. Adjusting end-indent based on overconstrained geometry rules (XSL 1.1, ch. 5.3.4)
2020-07-05 19:32:26 WARN  FOUserAgent:94 - Font "Symbol,normal,700" not found. Substituting with "Symbol,normal,400".
2020-07-05 19:32:26 WARN  FOUserAgent:94 - Font "ZapfDingbats,normal,700" not found. Substituting with "ZapfDingbats,normal,400".
2020-07-05 19:32:26 INFO  FOUserAgent:83 - Rendered page #1.
2020-07-05 19:34:18 INFO  ReportController:60 - 
2020-07-05 19:34:18 INFO  ReportController:61 - 2020-06-30
2020-07-05 19:34:18 INFO  FOUserAgent:83 - An fo:table  (No context info available) is wider than the available room in inline-progression-dimension. Adjusting end-indent based on overconstrained geometry rules (XSL 1.1, ch. 5.3.4)
2020-07-05 19:34:18 WARN  FOUserAgent:94 - Font "Symbol,normal,700" not found. Substituting with "Symbol,normal,400".
2020-07-05 19:34:18 WARN  FOUserAgent:94 - Font "ZapfDingbats,normal,700" not found. Substituting with "ZapfDingbats,normal,400".
2020-07-05 19:34:18 INFO  FOUserAgent:83 - Rendered page #1.
2020-07-05 19:34:40 INFO  ReportController:60 - dairy
2020-07-05 19:34:40 INFO  ReportController:61 - 2020-06-30
2020-07-05 19:34:40 INFO  FOUserAgent:83 - An fo:table  (No context info available) is wider than the available room in inline-progression-dimension. Adjusting end-indent based on overconstrained geometry rules (XSL 1.1, ch. 5.3.4)
2020-07-05 19:34:40 WARN  FOUserAgent:94 - Font "Symbol,normal,700" not found. Substituting with "Symbol,normal,400".
2020-07-05 19:34:40 WARN  FOUserAgent:94 - Font "ZapfDingbats,normal,700" not found. Substituting with "ZapfDingbats,normal,400".
2020-07-05 19:34:40 INFO  FOUserAgent:83 - Rendered page #1.
2020-07-05 19:34:48 INFO  ReportController:60 - dairy
2020-07-05 19:34:48 INFO  ReportController:61 - 2020-06-30
2020-07-05 19:34:48 INFO  FOUserAgent:83 - An fo:table  (No context info available) is wider than the available room in inline-progression-dimension. Adjusting end-indent based on overconstrained geometry rules (XSL 1.1, ch. 5.3.4)
2020-07-05 19:34:48 WARN  FOUserAgent:94 - Font "Symbol,normal,700" not found. Substituting with "Symbol,normal,400".
2020-07-05 19:34:48 WARN  FOUserAgent:94 - Font "ZapfDingbats,normal,700" not found. Substituting with "ZapfDingbats,normal,400".
2020-07-05 19:34:48 INFO  FOUserAgent:83 - Rendered page #1.
2020-07-07 16:24:32 INFO  FOUserAgent:83 - An fo:table  (No context info available) is wider than the available room in inline-progression-dimension. Adjusting end-indent based on overconstrained geometry rules (XSL 1.1, ch. 5.3.4)
2020-07-07 16:24:32 WARN  FOUserAgent:94 - Font "Symbol,normal,700" not found. Substituting with "Symbol,normal,400".
2020-07-07 16:24:32 WARN  FOUserAgent:94 - Font "ZapfDingbats,normal,700" not found. Substituting with "ZapfDingbats,normal,400".
2020-07-07 16:24:32 INFO  FOUserAgent:83 - Rendered page #1.
2020-07-07 16:25:00 INFO  FOUserAgent:83 - An fo:table  (No context info available) is wider than the available room in inline-progression-dimension. Adjusting end-indent based on overconstrained geometry rules (XSL 1.1, ch. 5.3.4)
2020-07-07 16:25:00 WARN  FOUserAgent:94 - Font "Symbol,normal,700" not found. Substituting with "Symbol,normal,400".
2020-07-07 16:25:00 WARN  FOUserAgent:94 - Font "ZapfDingbats,normal,700" not found. Substituting with "ZapfDingbats,normal,400".
2020-07-07 16:25:00 INFO  FOUserAgent:83 - Rendered page #1.
2020-07-07 16:27:05 INFO  ReportController:60 - dairy
2020-07-07 16:27:05 INFO  ReportController:61 - 2020-07-06
2020-07-07 16:27:05 INFO  FOUserAgent:83 - An fo:table  (No context info available) is wider than the available room in inline-progression-dimension. Adjusting end-indent based on overconstrained geometry rules (XSL 1.1, ch. 5.3.4)
2020-07-07 16:27:05 WARN  FOUserAgent:94 - Font "Symbol,normal,700" not found. Substituting with "Symbol,normal,400".
2020-07-07 16:27:05 WARN  FOUserAgent:94 - Font "ZapfDingbats,normal,700" not found. Substituting with "ZapfDingbats,normal,400".
2020-07-07 16:27:05 INFO  FOUserAgent:83 - Rendered page #1.
2020-07-07 16:27:18 INFO  ReportController:60 - dairy
2020-07-07 16:27:18 INFO  ReportController:61 - 2020-07-05
2020-07-07 16:27:18 INFO  FOUserAgent:83 - An fo:table  (No context info available) is wider than the available room in inline-progression-dimension. Adjusting end-indent based on overconstrained geometry rules (XSL 1.1, ch. 5.3.4)
2020-07-07 16:27:18 WARN  FOUserAgent:94 - Font "Symbol,normal,700" not found. Substituting with "Symbol,normal,400".
2020-07-07 16:27:18 WARN  FOUserAgent:94 - Font "ZapfDingbats,normal,700" not found. Substituting with "ZapfDingbats,normal,400".
2020-07-07 16:27:18 INFO  FOUserAgent:83 - Rendered page #1.
2020-07-07 19:32:26 INFO  FOUserAgent:83 - An fo:table  (No context info available) is wider than the available room in inline-progression-dimension. Adjusting end-indent based on overconstrained geometry rules (XSL 1.1, ch. 5.3.4)
2020-07-07 19:32:26 WARN  FOUserAgent:94 - Font "Symbol,normal,700" not found. Substituting with "Symbol,normal,400".
2020-07-07 19:32:26 WARN  FOUserAgent:94 - Font "ZapfDingbats,normal,700" not found. Substituting with "ZapfDingbats,normal,400".
2020-07-07 19:32:26 INFO  FOUserAgent:83 - Rendered page #1.
2020-07-07 19:32:34 INFO  FOUserAgent:83 - An fo:table  (No context info available) is wider than the available room in inline-progression-dimension. Adjusting end-indent based on overconstrained geometry rules (XSL 1.1, ch. 5.3.4)
2020-07-07 19:32:34 WARN  FOUserAgent:94 - Font "Symbol,normal,700" not found. Substituting with "Symbol,normal,400".
2020-07-07 19:32:34 WARN  FOUserAgent:94 - Font "ZapfDingbats,normal,700" not found. Substituting with "ZapfDingbats,normal,400".
2020-07-07 19:32:34 INFO  FOUserAgent:83 - Rendered page #1.
2020-07-07 19:33:25 INFO  ReportController:60 - bakery
2020-07-07 19:33:25 INFO  ReportController:61 - 2020-07-05
2020-07-07 19:33:25 INFO  FOUserAgent:83 - An fo:table  (No context info available) is wider than the available room in inline-progression-dimension. Adjusting end-indent based on overconstrained geometry rules (XSL 1.1, ch. 5.3.4)
2020-07-07 19:33:25 WARN  FOUserAgent:94 - Font "Symbol,normal,700" not found. Substituting with "Symbol,normal,400".
2020-07-07 19:33:25 WARN  FOUserAgent:94 - Font "ZapfDingbats,normal,700" not found. Substituting with "ZapfDingbats,normal,400".
2020-07-07 19:33:25 INFO  FOUserAgent:83 - Rendered page #1.
2020-07-07 19:49:24 INFO  FOUserAgent:83 - An fo:table  (No context info available) is wider than the available room in inline-progression-dimension. Adjusting end-indent based on overconstrained geometry rules (XSL 1.1, ch. 5.3.4)
2020-07-07 19:49:24 WARN  FOUserAgent:94 - Font "Symbol,normal,700" not found. Substituting with "Symbol,normal,400".
2020-07-07 19:49:24 WARN  FOUserAgent:94 - Font "ZapfDingbats,normal,700" not found. Substituting with "ZapfDingbats,normal,400".
2020-07-07 19:49:24 INFO  FOUserAgent:83 - Rendered page #1.
2020-07-07 19:49:35 INFO  FOUserAgent:83 - An fo:table  (No context info available) is wider than the available room in inline-progression-dimension. Adjusting end-indent based on overconstrained geometry rules (XSL 1.1, ch. 5.3.4)
2020-07-07 19:49:35 WARN  FOUserAgent:94 - Font "Symbol,normal,700" not found. Substituting with "Symbol,normal,400".
2020-07-07 19:49:35 WARN  FOUserAgent:94 - Font "ZapfDingbats,normal,700" not found. Substituting with "ZapfDingbats,normal,400".
2020-07-07 19:49:35 INFO  FOUserAgent:83 - Rendered page #1.
2020-07-07 19:50:44 INFO  ReportController:60 - dairy
2020-07-07 19:50:44 INFO  ReportController:61 - 2020-07-05
2020-07-07 19:50:44 INFO  FOUserAgent:83 - An fo:table  (No context info available) is wider than the available room in inline-progression-dimension. Adjusting end-indent based on overconstrained geometry rules (XSL 1.1, ch. 5.3.4)
2020-07-07 19:50:44 WARN  FOUserAgent:94 - Font "Symbol,normal,700" not found. Substituting with "Symbol,normal,400".
2020-07-07 19:50:44 WARN  FOUserAgent:94 - Font "ZapfDingbats,normal,700" not found. Substituting with "ZapfDingbats,normal,400".
2020-07-07 19:50:44 INFO  FOUserAgent:83 - Rendered page #1.
2020-07-07 19:51:16 INFO  ReportController:60 - 
2020-07-07 19:51:16 INFO  ReportController:61 - 2020-07-05
2020-07-07 19:51:16 INFO  FOUserAgent:83 - An fo:table  (No context info available) is wider than the available room in inline-progression-dimension. Adjusting end-indent based on overconstrained geometry rules (XSL 1.1, ch. 5.3.4)
2020-07-07 19:51:16 WARN  FOUserAgent:94 - Font "Symbol,normal,700" not found. Substituting with "Symbol,normal,400".
2020-07-07 19:51:16 WARN  FOUserAgent:94 - Font "ZapfDingbats,normal,700" not found. Substituting with "ZapfDingbats,normal,400".
2020-07-07 19:51:16 INFO  FOUserAgent:83 - Rendered page #1.
